This file contains any messages produced by compilers while
running configure, to aid debugging if configure makes a mistake.

It was created by aravis configure 0.6.4, which was
generated by GNU Autoconf 2.69.  Invocation command line was

  $ ./configure 

## --------- ##
## Platform. ##
## --------- ##

hostname = dmohedas-Z97-HD3
uname -m = x86_64
uname -r = 4.15.0-70-generic
uname -s = Linux
uname -v = #79~16.04.1-Ubuntu SMP Tue Nov 12 14:01:10 UTC 2019

/usr/bin/uname -p = unknown
/bin/uname -X     = unknown

/bin/arch              = unknown
/usr/bin/arch -k       = unknown
/usr/convex/getsysinfo = unknown
/usr/bin/hostinfo      = unknown
/bin/machine           = unknown
/usr/bin/oslevel       = unknown
/bin/universe          = unknown

PATH: /home/dmohedas/bin
PATH: /home/dmohedas/.local/bin
PATH: /usr/local/sbin
PATH: /usr/local/bin
PATH: /usr/sbin
PATH: /usr/bin
PATH: /sbin
PATH: /bin
PATH: /usr/games
PATH: /usr/local/games
PATH: /snap/bin


## ----------- ##
## Core tests. ##
## ----------- ##

configure:2655: checking for a BSD-compatible install
configure:2723: result: /usr/bin/install -c
configure:2734: checking whether build environment is sane
configure:2789: result: yes
configure:2940: checking for a thread-safe mkdir -p
configure:2979: result: /bin/mkdir -p
configure:2986: checking for gawk
configure:3016: result: no
configure:2986: checking for mawk
configure:3002: found /usr/bin/mawk
configure:3013: result: mawk
configure:3024: checking whether make sets $(MAKE)
configure:3046: result: yes
configure:3075: checking whether make supports nested variables
configure:3092: result: yes
configure:3219: checking whether to enable maintainer-specific portions of Makefiles
configure:3228: result: no
configure:3257: checking whether make supports nested variables
configure:3274: result: yes
configure:3305: checking whether make supports the include directive
configure:3320: make -f confmf.GNU && cat confinc.out
this is the am__doit target
configure:3323: $? = 0
configure:3342: result: yes (GNU style)
configure:3412: checking for gcc
configure:3428: found /usr/bin/gcc
configure:3439: result: gcc
configure:3668: checking for C compiler version
configure:3677: gcc --version >&5
gcc (Ubuntu 5.4.0-6ubuntu1~16.04.12) 5.4.0 20160609
Copyright (C) 2015 Free Software Foundation, Inc.
This is free software; see the source for copying conditions.  There is NO
warranty; not even for MERCHANTABILITY or FITNESS FOR A PARTICULAR PURPOSE.

configure:3688: $? = 0
configure:3677: gcc -v >&5
Using built-in specs.
COLLECT_GCC=gcc
COLLECT_LTO_WRAPPER=/usr/lib/gcc/x86_64-linux-gnu/5/lto-wrapper
Target: x86_64-linux-gnu
Configured with: ../src/configure -v --with-pkgversion='Ubuntu 5.4.0-6ubuntu1~16.04.12' --with-bugurl=file:///usr/share/doc/gcc-5/README.Bugs --enable-languages=c,ada,c++,java,go,d,fortran,objc,obj-c++ --prefix=/usr --program-suffix=-5 --enable-shared --enable-linker-build-id --libexecdir=/usr/lib --without-included-gettext --enable-threads=posix --libdir=/usr/lib --enable-nls --with-sysroot=/ --enable-clocale=gnu --enable-libstdcxx-debug --enable-libstdcxx-time=yes --with-default-libstdcxx-abi=new --enable-gnu-unique-object --disable-vtable-verify --enable-libmpx --enable-plugin --with-system-zlib --disable-browser-plugin --enable-java-awt=gtk --enable-gtk-cairo --with-java-home=/usr/lib/jvm/java-1.5.0-gcj-5-amd64/jre --enable-java-home --with-jvm-root-dir=/usr/lib/jvm/java-1.5.0-gcj-5-amd64 --with-jvm-jar-dir=/usr/lib/jvm-exports/java-1.5.0-gcj-5-amd64 --with-arch-directory=amd64 --with-ecj-jar=/usr/share/java/eclipse-ecj.jar --enable-objc-gc --enable-multiarch --disable-werror --with-arch-32=i686 --with-abi=m64 --with-multilib-list=m32,m64,mx32 --enable-multilib --with-tune=generic --enable-checking=release --build=x86_64-linux-gnu --host=x86_64-linux-gnu --target=x86_64-linux-gnu
Thread model: posix
gcc version 5.4.0 20160609 (Ubuntu 5.4.0-6ubuntu1~16.04.12) 
configure:3688: $? = 0
configure:3677: gcc -V >&5
gcc: error: unrecognized command line option '-V'
gcc: fatal error: no input files
compilation terminated.
configure:3688: $? = 1
configure:3677: gcc -qversion >&5
gcc: error: unrecognized command line option '-qversion'
gcc: fatal error: no input files
compilation terminated.
configure:3688: $? = 1
configure:3708: checking whether the C compiler works
configure:3730: gcc    conftest.c  >&5
configure:3734: $? = 0
configure:3782: result: yes
configure:3785: checking for C compiler default output file name
configure:3787: result: a.out
configure:3793: checking for suffix of executables
configure:3800: gcc -o conftest    conftest.c  >&5
configure:3804: $? = 0
configure:3826: result: 
configure:3848: checking whether we are cross compiling
configure:3856: gcc -o conftest    conftest.c  >&5
configure:3860: $? = 0
configure:3867: ./conftest
configure:3871: $? = 0
configure:3886: result: no
configure:3891: checking for suffix of object files
configure:3913: gcc -c   conftest.c >&5
configure:3917: $? = 0
configure:3938: result: o
configure:3942: checking whether we are using the GNU C compiler
configure:3961: gcc -c   conftest.c >&5
configure:3961: $? = 0
configure:3970: result: yes
configure:3979: checking whether gcc accepts -g
configure:3999: gcc -c -g  conftest.c >&5
configure:3999: $? = 0
configure:4040: result: yes
configure:4057: checking for gcc option to accept ISO C89
configure:4120: gcc  -c -g -O2  conftest.c >&5
configure:4120: $? = 0
configure:4133: result: none needed
configure:4158: checking whether gcc understands -c and -o together
configure:4180: gcc -c conftest.c -o conftest2.o
configure:4183: $? = 0
configure:4180: gcc -c conftest.c -o conftest2.o
configure:4183: $? = 0
configure:4195: result: yes
configure:4214: checking dependency style of gcc
configure:4325: result: gcc3
configure:4341: checking for library containing strerror
configure:4372: gcc -o conftest -g -O2   conftest.c  >&5
configure:4372: $? = 0
configure:4389: result: none required
configure:4445: checking for gcc
configure:4472: result: gcc
configure:4701: checking for C compiler version
configure:4710: gcc --version >&5
gcc (Ubuntu 5.4.0-6ubuntu1~16.04.12) 5.4.0 20160609
Copyright (C) 2015 Free Software Foundation, Inc.
This is free software; see the source for copying conditions.  There is NO
warranty; not even for MERCHANTABILITY or FITNESS FOR A PARTICULAR PURPOSE.

configure:4721: $? = 0
configure:4710: gcc -v >&5
Using built-in specs.
COLLECT_GCC=gcc
COLLECT_LTO_WRAPPER=/usr/lib/gcc/x86_64-linux-gnu/5/lto-wrapper
Target: x86_64-linux-gnu
Configured with: ../src/configure -v --with-pkgversion='Ubuntu 5.4.0-6ubuntu1~16.04.12' --with-bugurl=file:///usr/share/doc/gcc-5/README.Bugs --enable-languages=c,ada,c++,java,go,d,fortran,objc,obj-c++ --prefix=/usr --program-suffix=-5 --enable-shared --enable-linker-build-id --libexecdir=/usr/lib --without-included-gettext --enable-threads=posix --libdir=/usr/lib --enable-nls --with-sysroot=/ --enable-clocale=gnu --enable-libstdcxx-debug --enable-libstdcxx-time=yes --with-default-libstdcxx-abi=new --enable-gnu-unique-object --disable-vtable-verify --enable-libmpx --enable-plugin --with-system-zlib --disable-browser-plugin --enable-java-awt=gtk --enable-gtk-cairo --with-java-home=/usr/lib/jvm/java-1.5.0-gcj-5-amd64/jre --enable-java-home --with-jvm-root-dir=/usr/lib/jvm/java-1.5.0-gcj-5-amd64 --with-jvm-jar-dir=/usr/lib/jvm-exports/java-1.5.0-gcj-5-amd64 --with-arch-directory=amd64 --with-ecj-jar=/usr/share/java/eclipse-ecj.jar --enable-objc-gc --enable-multiarch --disable-werror --with-arch-32=i686 --with-abi=m64 --with-multilib-list=m32,m64,mx32 --enable-multilib --with-tune=generic --enable-checking=release --build=x86_64-linux-gnu --host=x86_64-linux-gnu --target=x86_64-linux-gnu
Thread model: posix
gcc version 5.4.0 20160609 (Ubuntu 5.4.0-6ubuntu1~16.04.12) 
configure:4721: $? = 0
configure:4710: gcc -V >&5
gcc: error: unrecognized command line option '-V'
gcc: fatal error: no input files
compilation terminated.
configure:4721: $? = 1
configure:4710: gcc -qversion >&5
gcc: error: unrecognized command line option '-qversion'
gcc: fatal error: no input files
compilation terminated.
configure:4721: $? = 1
configure:4725: checking whether we are using the GNU C compiler
configure:4753: result: yes
configure:4762: checking whether gcc accepts -g
configure:4823: result: yes
configure:4840: checking for gcc option to accept ISO C89
configure:4916: result: none needed
configure:4941: checking whether gcc understands -c and -o together
configure:4978: result: yes
configure:4997: checking dependency style of gcc
configure:5108: result: gcc3
configure:5181: checking for g++
configure:5197: found /usr/bin/g++
configure:5208: result: g++
configure:5235: checking for C++ compiler version
configure:5244: g++ --version >&5
g++ (Ubuntu 5.4.0-6ubuntu1~16.04.12) 5.4.0 20160609
Copyright (C) 2015 Free Software Foundation, Inc.
This is free software; see the source for copying conditions.  There is NO
warranty; not even for MERCHANTABILITY or FITNESS FOR A PARTICULAR PURPOSE.

configure:5255: $? = 0
configure:5244: g++ -v >&5
Using built-in specs.
COLLECT_GCC=g++
COLLECT_LTO_WRAPPER=/usr/lib/gcc/x86_64-linux-gnu/5/lto-wrapper
Target: x86_64-linux-gnu
Configured with: ../src/configure -v --with-pkgversion='Ubuntu 5.4.0-6ubuntu1~16.04.12' --with-bugurl=file:///usr/share/doc/gcc-5/README.Bugs --enable-languages=c,ada,c++,java,go,d,fortran,objc,obj-c++ --prefix=/usr --program-suffix=-5 --enable-shared --enable-linker-build-id --libexecdir=/usr/lib --without-included-gettext --enable-threads=posix --libdir=/usr/lib --enable-nls --with-sysroot=/ --enable-clocale=gnu --enable-libstdcxx-debug --enable-libstdcxx-time=yes --with-default-libstdcxx-abi=new --enable-gnu-unique-object --disable-vtable-verify --enable-libmpx --enable-plugin --with-system-zlib --disable-browser-plugin --enable-java-awt=gtk --enable-gtk-cairo --with-java-home=/usr/lib/jvm/java-1.5.0-gcj-5-amd64/jre --enable-java-home --with-jvm-root-dir=/usr/lib/jvm/java-1.5.0-gcj-5-amd64 --with-jvm-jar-dir=/usr/lib/jvm-exports/java-1.5.0-gcj-5-amd64 --with-arch-directory=amd64 --with-ecj-jar=/usr/share/java/eclipse-ecj.jar --enable-objc-gc --enable-multiarch --disable-werror --with-arch-32=i686 --with-abi=m64 --with-multilib-list=m32,m64,mx32 --enable-multilib --with-tune=generic --enable-checking=release --build=x86_64-linux-gnu --host=x86_64-linux-gnu --target=x86_64-linux-gnu
Thread model: posix
gcc version 5.4.0 20160609 (Ubuntu 5.4.0-6ubuntu1~16.04.12) 
configure:5255: $? = 0
configure:5244: g++ -V >&5
g++: error: unrecognized command line option '-V'
g++: fatal error: no input files
compilation terminated.
configure:5255: $? = 1
configure:5244: g++ -qversion >&5
g++: error: unrecognized command line option '-qversion'
g++: fatal error: no input files
compilation terminated.
configure:5255: $? = 1
configure:5259: checking whether we are using the GNU C++ compiler
configure:5278: g++ -c   conftest.cpp >&5
configure:5278: $? = 0
configure:5287: result: yes
configure:5296: checking whether g++ accepts -g
configure:5316: g++ -c -g  conftest.cpp >&5
configure:5316: $? = 0
configure:5357: result: yes
configure:5382: checking dependency style of g++
configure:5493: result: gcc3
configure:5514: checking how to run the C preprocessor
configure:5545: gcc -E  conftest.c
configure:5545: $? = 0
configure:5559: gcc -E  conftest.c
conftest.c:11:28: fatal error: ac_nonexistent.h: No such file or directory
compilation terminated.
configure:5559: $? = 1
configure: failed program was:
| /* confdefs.h */
| #define PACKAGE_NAME "aravis"
| #define PACKAGE_TARNAME "aravis"
| #define PACKAGE_VERSION "0.6.4"
| #define PACKAGE_STRING "aravis 0.6.4"
| #define PACKAGE_BUGREPORT "http://bugzilla.gnome.org/enter_bug.cgi?product=aravis"
| #define PACKAGE_URL ""
| #define PACKAGE "aravis"
| #define VERSION "0.6.4"
| /* end confdefs.h.  */
| #include <ac_nonexistent.h>
configure:5584: result: gcc -E
configure:5604: gcc -E  conftest.c
configure:5604: $? = 0
configure:5618: gcc -E  conftest.c
conftest.c:11:28: fatal error: ac_nonexistent.h: No such file or directory
compilation terminated.
configure:5618: $? = 1
configure: failed program was:
| /* confdefs.h */
| #define PACKAGE_NAME "aravis"
| #define PACKAGE_TARNAME "aravis"
| #define PACKAGE_VERSION "0.6.4"
| #define PACKAGE_STRING "aravis 0.6.4"
| #define PACKAGE_BUGREPORT "http://bugzilla.gnome.org/enter_bug.cgi?product=aravis"
| #define PACKAGE_URL ""
| #define PACKAGE "aravis"
| #define VERSION "0.6.4"
| /* end confdefs.h.  */
| #include <ac_nonexistent.h>
configure:5647: checking for grep that handles long lines and -e
configure:5705: result: /bin/grep
configure:5710: checking for egrep
configure:5772: result: /bin/grep -E
configure:5777: checking for ANSI C header files
configure:5797: gcc -c -g -O2  conftest.c >&5
configure:5797: $? = 0
configure:5870: gcc -o conftest -g -O2   conftest.c  >&5
configure:5870: $? = 0
configure:5870: ./conftest
configure:5870: $? = 0
configure:5881: result: yes
configure:5902: checking for sys/types.h
configure:5902: gcc -c -g -O2  conftest.c >&5
configure:5902: $? = 0
configure:5902: result: yes
configure:5902: checking for sys/stat.h
configure:5902: gcc -c -g -O2  conftest.c >&5
configure:5902: $? = 0
configure:5902: result: yes
configure:5902: checking for stdlib.h
configure:5902: gcc -c -g -O2  conftest.c >&5
configure:5902: $? = 0
configure:5902: result: yes
configure:5902: checking for string.h
configure:5902: gcc -c -g -O2  conftest.c >&5
configure:5902: $? = 0
configure:5902: result: yes
configure:5902: checking for memory.h
configure:5902: gcc -c -g -O2  conftest.c >&5
configure:5902: $? = 0
configure:5902: result: yes
configure:5902: checking for strings.h
configure:5902: gcc -c -g -O2  conftest.c >&5
configure:5902: $? = 0
configure:5902: result: yes
configure:5902: checking for inttypes.h
configure:5902: gcc -c -g -O2  conftest.c >&5
configure:5902: $? = 0
configure:5902: result: yes
configure:5902: checking for stdint.h
configure:5902: gcc -c -g -O2  conftest.c >&5
configure:5902: $? = 0
configure:5902: result: yes
configure:5902: checking for unistd.h
configure:5902: gcc -c -g -O2  conftest.c >&5
configure:5902: $? = 0
configure:5902: result: yes
configure:5917: checking locale.h usability
configure:5917: gcc -c -g -O2  conftest.c >&5
configure:5917: $? = 0
configure:5917: result: yes
configure:5917: checking locale.h presence
configure:5917: gcc -E  conftest.c
configure:5917: $? = 0
configure:5917: result: yes
configure:5917: checking for locale.h
configure:5917: result: yes
configure:5928: checking for LC_MESSAGES
configure:5944: gcc -o conftest -g -O2   conftest.c  >&5
configure:5944: $? = 0
configure:5952: result: yes
configure:5970: checking for CFPreferencesCopyAppValue
configure:5988: gcc -o conftest -g -O2   conftest.c  -Wl,-framework -Wl,CoreFoundation >&5
conftest.c:24:42: fatal error: CoreFoundation/CFPreferences.h: No such file or directory
compilation terminated.
configure:5988: $? = 1
configure: failed program was:
| /* confdefs.h */
| #define PACKAGE_NAME "aravis"
| #define PACKAGE_TARNAME "aravis"
| #define PACKAGE_VERSION "0.6.4"
| #define PACKAGE_STRING "aravis 0.6.4"
| #define PACKAGE_BUGREPORT "http://bugzilla.gnome.org/enter_bug.cgi?product=aravis"
| #define PACKAGE_URL ""
| #define PACKAGE "aravis"
| #define VERSION "0.6.4"
| #define STDC_HEADERS 1
| #define GETTEXT_PACKAGE "aravis-0.6"
| #define HAVE_SYS_TYPES_H 1
| #define HAVE_SYS_STAT_H 1
| #define HAVE_STDLIB_H 1
| #define HAVE_STRING_H 1
| #define HAVE_MEMORY_H 1
| #define HAVE_STRINGS_H 1
| #define HAVE_INTTYPES_H 1
| #define HAVE_STDINT_H 1
| #define HAVE_UNISTD_H 1
| #define HAVE_LOCALE_H 1
| #define HAVE_LC_MESSAGES 1
| /* end confdefs.h.  */
| #include <CoreFoundation/CFPreferences.h>
| int
| main ()
| {
| CFPreferencesCopyAppValue(NULL, NULL)
|   ;
|   return 0;
| }
configure:5997: result: no
configure:6004: checking for CFLocaleCopyCurrent
configure:6022: gcc -o conftest -g -O2   conftest.c  -Wl,-framework -Wl,CoreFoundation >&5
conftest.c:24:37: fatal error: CoreFoundation/CFLocale.h: No such file or directory
compilation terminated.
configure:6022: $? = 1
configure: failed program was:
| /* confdefs.h */
| #define PACKAGE_NAME "aravis"
| #define PACKAGE_TARNAME "aravis"
| #define PACKAGE_VERSION "0.6.4"
| #define PACKAGE_STRING "aravis 0.6.4"
| #define PACKAGE_BUGREPORT "http://bugzilla.gnome.org/enter_bug.cgi?product=aravis"
| #define PACKAGE_URL ""
| #define PACKAGE "aravis"
| #define VERSION "0.6.4"
| #define STDC_HEADERS 1
| #define GETTEXT_PACKAGE "aravis-0.6"
| #define HAVE_SYS_TYPES_H 1
| #define HAVE_SYS_STAT_H 1
| #define HAVE_STDLIB_H 1
| #define HAVE_STRING_H 1
| #define HAVE_MEMORY_H 1
| #define HAVE_STRINGS_H 1
| #define HAVE_INTTYPES_H 1
| #define HAVE_STDINT_H 1
| #define HAVE_UNISTD_H 1
| #define HAVE_LOCALE_H 1
| #define HAVE_LC_MESSAGES 1
| /* end confdefs.h.  */
| #include <CoreFoundation/CFLocale.h>
| int
| main ()
| {
| CFLocaleCopyCurrent();
|   ;
|   return 0;
| }
configure:6031: result: no
configure:6045: checking libintl.h usability
configure:6045: gcc -c -g -O2  conftest.c >&5
configure:6045: $? = 0
configure:6045: result: yes
configure:6045: checking libintl.h presence
configure:6045: gcc -E  conftest.c
configure:6045: $? = 0
configure:6045: result: yes
configure:6045: checking for libintl.h
configure:6045: result: yes
configure:6053: checking for ngettext in libc
configure:6071: gcc -o conftest -g -O2   conftest.c  >&5
configure:6071: $? = 0
configure:6080: result: yes
configure:6084: checking for dgettext in libc
configure:6102: gcc -o conftest -g -O2   conftest.c  >&5
configure:6102: $? = 0
configure:6111: result: yes
configure:6118: checking for bind_textdomain_codeset
configure:6118: gcc -o conftest -g -O2   conftest.c  >&5
configure:6118: $? = 0
configure:6118: result: yes
configure:6394: checking for msgfmt
configure:6421: result: /usr/bin/msgfmt
configure:6432: checking for dcgettext
configure:6432: gcc -o conftest -g -O2   conftest.c   >&5
conftest.c:49:6: warning: conflicting types for built-in function 'dcgettext'
 char dcgettext ();
      ^
configure:6432: $? = 0
configure:6432: result: yes
configure:6442: checking if msgfmt accepts -c
configure:6457: $MSGFMT -c -o /dev/null conftest.foo
conftest.foo:3: warning: header field 'Language' missing in header
configure:6460: $? = 0
configure:6462: result: yes
configure:6472: checking for gmsgfmt
configure:6503: result: /usr/bin/msgfmt
configure:6513: checking for xgettext
configure:6540: result: /usr/bin/xgettext
configure:6559: gcc -o conftest -g -O2   conftest.c   >&5
configure:6559: $? = 0
configure:6699: checking whether NLS is requested
configure:6708: result: yes
configure:6726: checking for intltool >= 0.31.2
configure:6728: result: 0.51.0 found
configure:6736: checking for intltool-update
configure:6754: found /usr/bin/intltool-update
configure:6766: result: /usr/bin/intltool-update
configure:6776: checking for intltool-merge
configure:6794: found /usr/bin/intltool-merge
configure:6806: result: /usr/bin/intltool-merge
configure:6816: checking for intltool-extract
configure:6834: found /usr/bin/intltool-extract
configure:6846: result: /usr/bin/intltool-extract
configure:7000: checking for xgettext
configure:7030: result: /usr/bin/xgettext
configure:7040: checking for msgmerge
configure:7058: found /usr/bin/msgmerge
configure:7070: result: /usr/bin/msgmerge
configure:7080: checking for msgfmt
configure:7110: result: /usr/bin/msgfmt
configure:7120: checking for gmsgfmt
configure:7151: result: /usr/bin/msgfmt
configure:7171: checking for perl
configure:7189: found /usr/bin/perl
configure:7201: result: /usr/bin/perl
configure:7212: checking for perl >= 5.8.1
configure:7219: result: 5.22.1
configure:7223: checking for XML::Parser
configure:7226: result: ok
configure:7269: checking build system type
configure:7283: result: x86_64-pc-linux-gnu
configure:7303: checking host system type
configure:7316: result: x86_64-pc-linux-gnu
configure:7357: checking how to print strings
configure:7384: result: printf
configure:7405: checking for a sed that does not truncate output
configure:7469: result: /bin/sed
configure:7487: checking for fgrep
configure:7549: result: /bin/grep -F
configure:7584: checking for ld used by gcc
configure:7651: result: /usr/bin/ld
configure:7658: checking if the linker (/usr/bin/ld) is GNU ld
configure:7673: result: yes
configure:7685: checking for BSD- or MS-compatible name lister (nm)
configure:7739: result: /usr/bin/nm -B
configure:7869: checking the name lister (/usr/bin/nm -B) interface
configure:7876: gcc -c -g -O2  conftest.c >&5
configure:7879: /usr/bin/nm -B "conftest.o"
configure:7882: output
0000000000000000 B some_variable
configure:7889: result: BSD nm
configure:7892: checking whether ln -s works
configure:7896: result: yes
configure:7904: checking the maximum length of command line arguments
configure:8035: result: 1572864
configure:8083: checking how to convert x86_64-pc-linux-gnu file names to x86_64-pc-linux-gnu format
configure:8123: result: func_convert_file_noop
configure:8130: checking how to convert x86_64-pc-linux-gnu file names to toolchain format
configure:8150: result: func_convert_file_noop
configure:8157: checking for /usr/bin/ld option to reload object files
configure:8164: result: -r
configure:8238: checking for objdump
configure:8254: found /usr/bin/objdump
configure:8265: result: objdump
configure:8297: checking how to recognize dependent libraries
configure:8497: result: pass_all
configure:8582: checking for dlltool
configure:8612: result: no
configure:8642: checking how to associate runtime and link libraries
configure:8669: result: printf %s\n
configure:8729: checking for ar
configure:8745: found /usr/bin/ar
configure:8756: result: ar
configure:8793: checking for archiver @FILE support
configure:8810: gcc -c -g -O2  conftest.c >&5
configure:8810: $? = 0
configure:8813: ar cru libconftest.a @conftest.lst >&5
ar: `u' modifier ignored since `D' is the default (see `U')
configure:8816: $? = 0
configure:8821: ar cru libconftest.a @conftest.lst >&5
ar: `u' modifier ignored since `D' is the default (see `U')
ar: conftest.o: No such file or directory
configure:8824: $? = 1
configure:8836: result: @
configure:8894: checking for strip
configure:8910: found /usr/bin/strip
configure:8921: result: strip
configure:8993: checking for ranlib
configure:9009: found /usr/bin/ranlib
configure:9020: result: ranlib
configure:9122: checking command to parse /usr/bin/nm -B output from gcc object
configure:9275: gcc -c -g -O2  conftest.c >&5
configure:9278: $? = 0
configure:9282: /usr/bin/nm -B conftest.o \| sed -n -e 's/^.*[ ]\([ABCDGIRSTW][ABCDGIRSTW]*\)[ ][ ]*\([_A-Za-z][_A-Za-z0-9]*\)$/\1 \2 \2/p' | sed '/ __gnu_lto/d' \> conftest.nm
configure:9285: $? = 0
configure:9351: gcc -o conftest -g -O2   conftest.c conftstm.o >&5
configure:9354: $? = 0
configure:9392: result: ok
configure:9439: checking for sysroot
configure:9469: result: no
configure:9476: checking for a working dd
configure:9514: result: /bin/dd
configure:9518: checking how to truncate binary pipes
configure:9533: result: /bin/dd bs=4096 count=1
configure:9669: gcc -c -g -O2  conftest.c >&5
configure:9672: $? = 0
configure:9862: checking for mt
configure:9878: found /bin/mt
configure:9889: result: mt
configure:9912: checking if mt is a manifest tool
configure:9918: mt '-?'
configure:9926: result: no
configure:10600: checking for dlfcn.h
configure:10600: gcc -c -g -O2  conftest.c >&5
configure:10600: $? = 0
configure:10600: result: yes
configure:10867: checking for objdir
configure:10882: result: .libs
configure:11146: checking if gcc supports -fno-rtti -fno-exceptions
configure:11164: gcc -c -g -O2  -fno-rtti -fno-exceptions conftest.c >&5
cc1: warning: command line option '-fno-rtti' is valid for C++/ObjC++ but not for C
configure:11168: $? = 0
configure:11181: result: no
configure:11539: checking for gcc option to produce PIC
configure:11546: result: -fPIC -DPIC
configure:11554: checking if gcc PIC flag -fPIC -DPIC works
configure:11572: gcc -c -g -O2  -fPIC -DPIC -DPIC conftest.c >&5
configure:11576: $? = 0
configure:11589: result: yes
configure:11618: checking if gcc static flag -static works
configure:11646: result: yes
configure:11661: checking if gcc supports -c -o file.o
configure:11682: gcc -c -g -O2  -o out/conftest2.o conftest.c >&5
configure:11686: $? = 0
configure:11708: result: yes
configure:11716: checking if gcc supports -c -o file.o
configure:11763: result: yes
configure:11796: checking whether the gcc linker (/usr/bin/ld -m elf_x86_64) supports shared libraries
configure:13055: result: yes
configure:13092: checking whether -lc should be explicitly linked in
configure:13100: gcc -c -g -O2  conftest.c >&5
configure:13103: $? = 0
configure:13118: gcc -shared  -fPIC -DPIC conftest.o  -v -Wl,-soname -Wl,conftest -o conftest 2\>\&1 \| /bin/grep  -lc  \>/dev/null 2\>\&1
configure:13121: $? = 0
configure:13135: result: no
configure:13295: checking dynamic linker characteristics
configure:13876: gcc -o conftest -g -O2   -Wl,-rpath -Wl,/foo conftest.c  >&5
configure:13876: $? = 0
configure:14116: result: GNU/Linux ld.so
configure:14238: checking how to hardcode library paths into programs
configure:14263: result: immediate
configure:14811: checking whether stripping libraries is possible
configure:14816: result: yes
configure:14851: checking if libtool supports shared libraries
configure:14853: result: yes
configure:14856: checking whether to build shared libraries
configure:14881: result: yes
configure:14884: checking whether to build static libraries
configure:14888: result: yes
configure:14911: checking how to run the C++ preprocessor
configure:14938: g++ -E  conftest.cpp
configure:14938: $? = 0
configure:14952: g++ -E  conftest.cpp
conftest.cpp:30:28: fatal error: ac_nonexistent.h: No such file or directory
compilation terminated.
configure:14952: $? = 1
configure: failed program was:
| /* confdefs.h */
| #define PACKAGE_NAME "aravis"
| #define PACKAGE_TARNAME "aravis"
| #define PACKAGE_VERSION "0.6.4"
| #define PACKAGE_STRING "aravis 0.6.4"
| #define PACKAGE_BUGREPORT "http://bugzilla.gnome.org/enter_bug.cgi?product=aravis"
| #define PACKAGE_URL ""
| #define PACKAGE "aravis"
| #define VERSION "0.6.4"
| #define STDC_HEADERS 1
| #define GETTEXT_PACKAGE "aravis-0.6"
| #define HAVE_SYS_TYPES_H 1
| #define HAVE_SYS_STAT_H 1
| #define HAVE_STDLIB_H 1
| #define HAVE_STRING_H 1
| #define HAVE_MEMORY_H 1
| #define HAVE_STRINGS_H 1
| #define HAVE_INTTYPES_H 1
| #define HAVE_STDINT_H 1
| #define HAVE_UNISTD_H 1
| #define HAVE_LOCALE_H 1
| #define HAVE_LC_MESSAGES 1
| #define HAVE_BIND_TEXTDOMAIN_CODESET 1
| #define HAVE_GETTEXT 1
| #define HAVE_DCGETTEXT 1
| #define ENABLE_NLS 1
| #define HAVE_DLFCN_H 1
| #define LT_OBJDIR ".libs/"
| /* end confdefs.h.  */
| #include <ac_nonexistent.h>
configure:14977: result: g++ -E
configure:14997: g++ -E  conftest.cpp
configure:14997: $? = 0
configure:15011: g++ -E  conftest.cpp
conftest.cpp:30:28: fatal error: ac_nonexistent.h: No such file or directory
compilation terminated.
configure:15011: $? = 1
configure: failed program was:
| /* confdefs.h */
| #define PACKAGE_NAME "aravis"
| #define PACKAGE_TARNAME "aravis"
| #define PACKAGE_VERSION "0.6.4"
| #define PACKAGE_STRING "aravis 0.6.4"
| #define PACKAGE_BUGREPORT "http://bugzilla.gnome.org/enter_bug.cgi?product=aravis"
| #define PACKAGE_URL ""
| #define PACKAGE "aravis"
| #define VERSION "0.6.4"
| #define STDC_HEADERS 1
| #define GETTEXT_PACKAGE "aravis-0.6"
| #define HAVE_SYS_TYPES_H 1
| #define HAVE_SYS_STAT_H 1
| #define HAVE_STDLIB_H 1
| #define HAVE_STRING_H 1
| #define HAVE_MEMORY_H 1
| #define HAVE_STRINGS_H 1
| #define HAVE_INTTYPES_H 1
| #define HAVE_STDINT_H 1
| #define HAVE_UNISTD_H 1
| #define HAVE_LOCALE_H 1
| #define HAVE_LC_MESSAGES 1
| #define HAVE_BIND_TEXTDOMAIN_CODESET 1
| #define HAVE_GETTEXT 1
| #define HAVE_DCGETTEXT 1
| #define ENABLE_NLS 1
| #define HAVE_DLFCN_H 1
| #define LT_OBJDIR ".libs/"
| /* end confdefs.h.  */
| #include <ac_nonexistent.h>
configure:15173: checking for ld used by g++
configure:15240: result: /usr/bin/ld -m elf_x86_64
configure:15247: checking if the linker (/usr/bin/ld -m elf_x86_64) is GNU ld
configure:15262: result: yes
configure:15317: checking whether the g++ linker (/usr/bin/ld -m elf_x86_64) supports shared libraries
configure:16390: result: yes
configure:16426: g++ -c -g -O2  conftest.cpp >&5
configure:16429: $? = 0
configure:16910: checking for g++ option to produce PIC
configure:16917: result: -fPIC -DPIC
configure:16925: checking if g++ PIC flag -fPIC -DPIC works
configure:16943: g++ -c -g -O2  -fPIC -DPIC -DPIC conftest.cpp >&5
configure:16947: $? = 0
configure:16960: result: yes
configure:16983: checking if g++ static flag -static works
configure:17011: result: yes
configure:17023: checking if g++ supports -c -o file.o
configure:17044: g++ -c -g -O2  -o out/conftest2.o conftest.cpp >&5
configure:17048: $? = 0
configure:17070: result: yes
configure:17075: checking if g++ supports -c -o file.o
configure:17122: result: yes
configure:17152: checking whether the g++ linker (/usr/bin/ld -m elf_x86_64) supports shared libraries
configure:17192: result: yes
configure:17333: checking dynamic linker characteristics
configure:18081: result: GNU/Linux ld.so
configure:18146: checking how to hardcode library paths into programs
configure:18171: result: immediate
configure:18247: checking for valgrind
configure:18277: result: no
configure:18648: checking whether to build with code coverage support
configure:18668: result: no
configure:19124: checking for pkg-config
configure:19142: found /usr/bin/pkg-config
configure:19154: result: /usr/bin/pkg-config
configure:19179: checking pkg-config is at least version 0.14
configure:19182: result: yes
configure:19214: checking for ARAVIS_USB
configure:19221: $PKG_CONFIG --exists --print-errors "$ARAVIS_USB_REQUIREMENTS"
Package libusb-1.0 was not found in the pkg-config search path.
Perhaps you should add the directory containing `libusb-1.0.pc'
to the PKG_CONFIG_PATH environment variable
No package 'libusb-1.0' found
configure:19224: $? = 1
configure:19238: $PKG_CONFIG --exists --print-errors "$ARAVIS_USB_REQUIREMENTS"
Package libusb-1.0 was not found in the pkg-config search path.
Perhaps you should add the directory containing `libusb-1.0.pc'
to the PKG_CONFIG_PATH environment variable
No package 'libusb-1.0' found
configure:19241: $? = 1
configure:19255: result: no
No package 'libusb-1.0' found
configure:19315: checking for ARAVIS_PACKET_SOCKET
configure:19322: $PKG_CONFIG --exists --print-errors "$ARAVIS_PACKET_SOCKET_REQUIREMENTS"
Package audit was not found in the pkg-config search path.
Perhaps you should add the directory containing `audit.pc'
to the PKG_CONFIG_PATH environment variable
No package 'audit' found
configure:19325: $? = 1
configure:19339: $PKG_CONFIG --exists --print-errors "$ARAVIS_PACKET_SOCKET_REQUIREMENTS"
Package audit was not found in the pkg-config search path.
Perhaps you should add the directory containing `audit.pc'
to the PKG_CONFIG_PATH environment variable
No package 'audit' found
configure:19342: $? = 1
configure:19356: result: no
No package 'audit' found
configure:19411: checking for ARAVIS
configure:19418: $PKG_CONFIG --exists --print-errors "$ARAVIS_REQUIREMENTS"
configure:19421: $? = 0
configure:19435: $PKG_CONFIG --exists --print-errors "$ARAVIS_REQUIREMENTS"
configure:19438: $? = 0
configure:19496: result: yes
configure:19518: checking for ARAVIS_VIEWER
configure:19525: $PKG_CONFIG --exists --print-errors "$ARAVIS_VIEWER_REQUIREMENTS"
configure:19528: $? = 0
configure:19542: $PKG_CONFIG --exists --print-errors "$ARAVIS_VIEWER_REQUIREMENTS"
configure:19545: $? = 0
configure:19587: result: yes
configure:19616: checking for ARAVIS_GST_PLUGIN
configure:19623: $PKG_CONFIG --exists --print-errors "$ARAVIS_GSTREAMER_REQUIREMENTS"
configure:19626: $? = 0
configure:19640: $PKG_CONFIG --exists --print-errors "$ARAVIS_GSTREAMER_REQUIREMENTS"
configure:19643: $? = 0
configure:19685: result: yes
configure:19724: checking for ARAVIS_GST_0_10_PLUGIN
configure:19731: $PKG_CONFIG --exists --print-errors "$ARAVIS_GSTREAMER_0_10_REQUIREMENTS"
configure:19734: $? = 0
configure:19748: $PKG_CONFIG --exists --print-errors "$ARAVIS_GSTREAMER_0_10_REQUIREMENTS"
configure:19751: $? = 0
configure:19793: result: yes
configure:19859: checking for asan flags
configure:19875: result: no
configure:19881: checking for glib-mkenums
configure:19899: found /usr/bin/glib-mkenums
configure:19911: result: /usr/bin/glib-mkenums
configure:19932: checking for gobject-introspection
configure:19963: $PKG_CONFIG --exists --print-errors "gobject-introspection-1.0 >= 0.10.0"
Package gobject-introspection-1.0 was not found in the pkg-config search path.
Perhaps you should add the directory containing `gobject-introspection-1.0.pc'
to the PKG_CONFIG_PATH environment variable
No package 'gobject-introspection-1.0' found
configure:19966: $? = 1
configure:19978: result: no
configure:20021: checking for gtk-doc
configure:20024: $PKG_CONFIG --exists --print-errors "$gtk_doc_requires"
Package gtk-doc was not found in the pkg-config search path.
Perhaps you should add the directory containing `gtk-doc.pc'
to the PKG_CONFIG_PATH environment variable
No package 'gtk-doc' found
configure:20027: $? = 1
configure:20033: result: no
configure:20039: WARNING:
  You will not be able to create source packages with 'make dist'
  because gtk-doc >= 1.14 is not found.
configure:20047: checking for gtkdoc-check
configure:20077: result: no
configure:20084: checking for gtkdoc-check
configure:20117: result: no
configure:20126: checking for gtkdoc-rebase
configure:20159: result: no
configure:20170: checking for gtkdoc-mkpdf
configure:20203: result: no
configure:20228: checking whether to build gtk-doc documentation
configure:20230: result: no
configure:20243: checking for GTKDOC_DEPS
configure:20250: $PKG_CONFIG --exists --print-errors "glib-2.0 >= 2.10.0 gobject-2.0  >= 2.10.0"
configure:20253: $? = 0
configure:20267: $PKG_CONFIG --exists --print-errors "glib-2.0 >= 2.10.0 gobject-2.0  >= 2.10.0"
configure:20270: $? = 0
configure:20308: result: yes
configure:20407: checking for appstream-util
configure:20440: result: no
configure:20620: checking that generated files are newer than configure
configure:20626: result: done
configure:20737: creating ./config.status

## ---------------------- ##
## Running config.status. ##
## ---------------------- ##

This file was extended by aravis config.status 0.6.4, which was
generated by GNU Autoconf 2.69.  Invocation command line was

  CONFIG_FILES    = 
  CONFIG_HEADERS  = 
  CONFIG_LINKS    = 
  CONFIG_COMMANDS = 
  $ ./config.status 

on dmohedas-Z97-HD3

config.status:1571: creating Makefile
config.status:1571: creating src/Makefile
config.status:1571: creating src/arvfeatures.h
config.status:1571: creating src/arvversion.h
config.status:1571: creating viewer/Makefile
config.status:1571: creating viewer/data/Makefile
config.status:1571: creating viewer/data/arv-viewer.desktop.in
config.status:1571: creating viewer/data/arv-viewer.appdata.xml
config.status:1571: creating gst/Makefile
config.status:1571: creating gst-0.10/Makefile
config.status:1571: creating tests/Makefile
config.status:1571: creating po/Makefile.in
config.status:1571: creating man/Makefile
config.status:1571: creating docs/Makefile
config.status:1571: creating docs/reference/Makefile
config.status:1571: creating docs/reference/aravis/Makefile
config.status:1571: creating aravis.pc
config.status:1571: creating src/arvconfig.h
config.status:1752: src/arvconfig.h is unchanged
config.status:1800: executing depfiles commands
config.status:1877: cd src       && sed -e '/# am--include-marker/d' Makefile         | make -f - am--depfiles
make: Nothing to be done for 'am--depfiles'.
config.status:1882: $? = 0
config.status:1877: cd viewer       && sed -e '/# am--include-marker/d' Makefile         | make -f - am--depfiles
make: Nothing to be done for 'am--depfiles'.
config.status:1882: $? = 0
config.status:1877: cd gst       && sed -e '/# am--include-marker/d' Makefile         | make -f - am--depfiles
make: Nothing to be done for 'am--depfiles'.
config.status:1882: $? = 0
config.status:1877: cd gst-0.10       && sed -e '/# am--include-marker/d' Makefile         | make -f - am--depfiles
make: Nothing to be done for 'am--depfiles'.
config.status:1882: $? = 0
config.status:1877: cd tests       && sed -e '/# am--include-marker/d' Makefile         | make -f - am--depfiles
make: Nothing to be done for 'am--depfiles'.
config.status:1882: $? = 0
config.status:1800: executing default-1 commands
config.status:1800: executing libtool commands
config.status:1800: executing po/stamp-it commands

## ---------------- ##
## Cache variables. ##
## ---------------- ##

ac_cv_build=x86_64-pc-linux-gnu
ac_cv_c_compiler_gnu=yes
ac_cv_cxx_compiler_gnu=yes
ac_cv_env_ARAVIS_CFLAGS_set=
ac_cv_env_ARAVIS_CFLAGS_value=
ac_cv_env_ARAVIS_GST_0_10_PLUGIN_CFLAGS_set=
ac_cv_env_ARAVIS_GST_0_10_PLUGIN_CFLAGS_value=
ac_cv_env_ARAVIS_GST_0_10_PLUGIN_LIBS_set=
ac_cv_env_ARAVIS_GST_0_10_PLUGIN_LIBS_value=
ac_cv_env_ARAVIS_GST_PLUGIN_CFLAGS_set=
ac_cv_env_ARAVIS_GST_PLUGIN_CFLAGS_value=
ac_cv_env_ARAVIS_GST_PLUGIN_LIBS_set=
ac_cv_env_ARAVIS_GST_PLUGIN_LIBS_value=
ac_cv_env_ARAVIS_LIBS_set=
ac_cv_env_ARAVIS_LIBS_value=
ac_cv_env_ARAVIS_PACKET_SOCKET_CFLAGS_set=
ac_cv_env_ARAVIS_PACKET_SOCKET_CFLAGS_value=
ac_cv_env_ARAVIS_PACKET_SOCKET_LIBS_set=
ac_cv_env_ARAVIS_PACKET_SOCKET_LIBS_value=
ac_cv_env_ARAVIS_USB_CFLAGS_set=
ac_cv_env_ARAVIS_USB_CFLAGS_value=
ac_cv_env_ARAVIS_USB_LIBS_set=
ac_cv_env_ARAVIS_USB_LIBS_value=
ac_cv_env_ARAVIS_VIEWER_CFLAGS_set=
ac_cv_env_ARAVIS_VIEWER_CFLAGS_value=
ac_cv_env_ARAVIS_VIEWER_LIBS_set=
ac_cv_env_ARAVIS_VIEWER_LIBS_value=
ac_cv_env_CCC_set=
ac_cv_env_CCC_value=
ac_cv_env_CC_set=
ac_cv_env_CC_value=
ac_cv_env_CFLAGS_set=
ac_cv_env_CFLAGS_value=
ac_cv_env_CPPFLAGS_set=
ac_cv_env_CPPFLAGS_value=
ac_cv_env_CPP_set=
ac_cv_env_CPP_value=
ac_cv_env_CXXCPP_set=
ac_cv_env_CXXCPP_value=
ac_cv_env_CXXFLAGS_set=
ac_cv_env_CXXFLAGS_value=
ac_cv_env_CXX_set=
ac_cv_env_CXX_value=
ac_cv_env_GTKDOC_DEPS_CFLAGS_set=
ac_cv_env_GTKDOC_DEPS_CFLAGS_value=
ac_cv_env_GTKDOC_DEPS_LIBS_set=
ac_cv_env_GTKDOC_DEPS_LIBS_value=
ac_cv_env_LDFLAGS_set=
ac_cv_env_LDFLAGS_value=
ac_cv_env_LIBS_set=
ac_cv_env_LIBS_value=
ac_cv_env_LT_SYS_LIBRARY_PATH_set=
ac_cv_env_LT_SYS_LIBRARY_PATH_value=
ac_cv_env_PKG_CONFIG_LIBDIR_set=
ac_cv_env_PKG_CONFIG_LIBDIR_value=
ac_cv_env_PKG_CONFIG_PATH_set=
ac_cv_env_PKG_CONFIG_PATH_value=
ac_cv_env_PKG_CONFIG_set=
ac_cv_env_PKG_CONFIG_value=
ac_cv_env_build_alias_set=
ac_cv_env_build_alias_value=
ac_cv_env_host_alias_set=
ac_cv_env_host_alias_value=
ac_cv_env_target_alias_set=
ac_cv_env_target_alias_value=
ac_cv_func_bind_textdomain_codeset=yes
ac_cv_func_dcgettext=yes
ac_cv_header_dlfcn_h=yes
ac_cv_header_inttypes_h=yes
ac_cv_header_libintl_h=yes
ac_cv_header_locale_h=yes
ac_cv_header_memory_h=yes
ac_cv_header_stdc=yes
ac_cv_header_stdint_h=yes
ac_cv_header_stdlib_h=yes
ac_cv_header_string_h=yes
ac_cv_header_strings_h=yes
ac_cv_header_sys_stat_h=yes
ac_cv_header_sys_types_h=yes
ac_cv_header_unistd_h=yes
ac_cv_host=x86_64-pc-linux-gnu
ac_cv_objext=o
ac_cv_path_EGREP='/bin/grep -E'
ac_cv_path_FGREP='/bin/grep -F'
ac_cv_path_GLIB_MKENUMS=/usr/bin/glib-mkenums
ac_cv_path_GMSGFMT=/usr/bin/msgfmt
ac_cv_path_GREP=/bin/grep
ac_cv_path_INTLTOOL_EXTRACT=/usr/bin/intltool-extract
ac_cv_path_INTLTOOL_MERGE=/usr/bin/intltool-merge
ac_cv_path_INTLTOOL_PERL=/usr/bin/perl
ac_cv_path_INTLTOOL_UPDATE=/usr/bin/intltool-update
ac_cv_path_MSGFMT=/usr/bin/msgfmt
ac_cv_path_MSGMERGE=/usr/bin/msgmerge
ac_cv_path_SED=/bin/sed
ac_cv_path_XGETTEXT=/usr/bin/xgettext
ac_cv_path_ac_pt_PKG_CONFIG=/usr/bin/pkg-config
ac_cv_path_install='/usr/bin/install -c'
ac_cv_path_lt_DD=/bin/dd
ac_cv_path_mkdir=/bin/mkdir
ac_cv_prog_AWK=mawk
ac_cv_prog_CPP='gcc -E'
ac_cv_prog_CXXCPP='g++ -E'
ac_cv_prog_ac_ct_AR=ar
ac_cv_prog_ac_ct_CC=gcc
ac_cv_prog_ac_ct_CXX=g++
ac_cv_prog_ac_ct_MANIFEST_TOOL=mt
ac_cv_prog_ac_ct_OBJDUMP=objdump
ac_cv_prog_ac_ct_RANLIB=ranlib
ac_cv_prog_ac_ct_STRIP=strip
ac_cv_prog_cc_c89=
ac_cv_prog_cc_g=yes
ac_cv_prog_cxx_g=yes
ac_cv_prog_make_make_set=yes
ac_cv_search_strerror='none required'
am_cv_CC_dependencies_compiler_type=gcc3
am_cv_CXX_dependencies_compiler_type=gcc3
am_cv_make_support_nested_variables=yes
am_cv_prog_cc_c_o=yes
am_cv_val_LC_MESSAGES=yes
gt_cv_func_CFLocaleCopyCurrent=no
gt_cv_func_CFPreferencesCopyAppValue=no
gt_cv_func_dgettext_libc=yes
gt_cv_func_dgettext_libintl=no
gt_cv_func_ngettext_libc=yes
gt_cv_have_gettext=yes
lt_cv_ar_at_file=@
lt_cv_archive_cmds_need_lc=no
lt_cv_deplibs_check_method=pass_all
lt_cv_file_magic_cmd='$MAGIC_CMD'
lt_cv_file_magic_test_file=
lt_cv_ld_reload_flag=-r
lt_cv_nm_interface='BSD nm'
lt_cv_objdir=.libs
lt_cv_path_LD=/usr/bin/ld
lt_cv_path_LDCXX='/usr/bin/ld -m elf_x86_64'
lt_cv_path_NM='/usr/bin/nm -B'
lt_cv_path_mainfest_tool=no
lt_cv_prog_compiler_c_o=yes
lt_cv_prog_compiler_c_o_CXX=yes
lt_cv_prog_compiler_pic='-fPIC -DPIC'
lt_cv_prog_compiler_pic_CXX='-fPIC -DPIC'
lt_cv_prog_compiler_pic_works=yes
lt_cv_prog_compiler_pic_works_CXX=yes
lt_cv_prog_compiler_rtti_exceptions=no
lt_cv_prog_compiler_static_works=yes
lt_cv_prog_compiler_static_works_CXX=yes
lt_cv_prog_gnu_ld=yes
lt_cv_prog_gnu_ldcxx=yes
lt_cv_sharedlib_from_linklib_cmd='printf %s\n'
lt_cv_shlibpath_overrides_runpath=no
lt_cv_sys_global_symbol_pipe='sed -n -e '\''s/^.*[	 ]\([ABCDGIRSTW][ABCDGIRSTW]*\)[	 ][	 ]*\([_A-Za-z][_A-Za-z0-9]*\)$/\1 \2 \2/p'\'' | sed '\''/ __gnu_lto/d'\'''
lt_cv_sys_global_symbol_to_c_name_address='sed -n -e '\''s/^: \(.*\) .*$/  {"\1", (void *) 0},/p'\'' -e '\''s/^[ABCDGIRSTW][ABCDGIRSTW]* .* \(.*\)$/  {"\1", (void *) \&\1},/p'\'''
lt_cv_sys_global_symbol_to_c_name_address_lib_prefix='sed -n -e '\''s/^: \(.*\) .*$/  {"\1", (void *) 0},/p'\'' -e '\''s/^[ABCDGIRSTW][ABCDGIRSTW]* .* \(lib.*\)$/  {"\1", (void *) \&\1},/p'\'' -e '\''s/^[ABCDGIRSTW][ABCDGIRSTW]* .* \(.*\)$/  {"lib\1", (void *) \&\1},/p'\'''
lt_cv_sys_global_symbol_to_cdecl='sed -n -e '\''s/^T .* \(.*\)$/extern int \1();/p'\'' -e '\''s/^[ABCDGIRSTW][ABCDGIRSTW]* .* \(.*\)$/extern char \1;/p'\'''
lt_cv_sys_global_symbol_to_import=
lt_cv_sys_max_cmd_len=1572864
lt_cv_to_host_file_cmd=func_convert_file_noop
lt_cv_to_tool_file_cmd=func_convert_file_noop
lt_cv_truncate_bin='/bin/dd bs=4096 count=1'
pkg_cv_ARAVIS_CFLAGS='-pthread -I/usr/include/libxml2 -I/usr/include/glib-2.0 -I/usr/lib/x86_64-linux-gnu/glib-2.0/include'
pkg_cv_ARAVIS_GST_0_10_PLUGIN_CFLAGS='-pthread -I/usr/include/gstreamer-0.10 -I/usr/include/glib-2.0 -I/usr/lib/x86_64-linux-gnu/glib-2.0/include -I/usr/include/libxml2'
pkg_cv_ARAVIS_GST_0_10_PLUGIN_LIBS='-lgstapp-0.10 -lgstbase-0.10 -lgstreamer-0.10 -lgobject-2.0 -lgmodule-2.0 -pthread -lgthread-2.0 -pthread -lglib-2.0 -lxml2'
pkg_cv_ARAVIS_GST_PLUGIN_CFLAGS='-pthread -I/usr/include/gstreamer-1.0 -I/usr/lib/x86_64-linux-gnu/gstreamer-1.0/include -I/usr/include/glib-2.0 -I/usr/lib/x86_64-linux-gnu/glib-2.0/include'
pkg_cv_ARAVIS_GST_PLUGIN_LIBS='-lgstapp-1.0 -lgstbase-1.0 -lgstreamer-1.0 -lgobject-2.0 -lglib-2.0'
pkg_cv_ARAVIS_LIBS='-lgio-2.0 -lgobject-2.0 -lxml2 -lgthread-2.0 -pthread -lglib-2.0 -lz'
pkg_cv_ARAVIS_VIEWER_CFLAGS='-pthread -I/usr/include/gstreamer-1.0 -I/usr/lib/x86_64-linux-gnu/gstreamer-1.0/include -I/usr/include/gtk-3.0 -I/usr/include/at-spi2-atk/2.0 -I/usr/include/at-spi-2.0 -I/usr/include/dbus-1.0 -I/usr/lib/x86_64-linux-gnu/dbus-1.0/include -I/usr/include/gtk-3.0 -I/usr/include/gio-unix-2.0/ -I/usr/include/mirclient -I/usr/include/mircore -I/usr/include/mircookie -I/usr/include/cairo -I/usr/include/pango-1.0 -I/usr/include/harfbuzz -I/usr/include/pango-1.0 -I/usr/include/atk-1.0 -I/usr/include/cairo -I/usr/include/pixman-1 -I/usr/include/freetype2 -I/usr/include/libpng12 -I/usr/include/gdk-pixbuf-2.0 -I/usr/include/libpng12 -I/usr/include/glib-2.0 -I/usr/lib/x86_64-linux-gnu/glib-2.0/include'
pkg_cv_ARAVIS_VIEWER_LIBS='-lgstapp-1.0 -lgstvideo-1.0 -lgstbase-1.0 -lgstreamer-1.0 -lgtk-3 -lgdk-3 -lpangocairo-1.0 -lpango-1.0 -latk-1.0 -lcairo-gobject -lcairo -lnotify -lgdk_pixbuf-2.0 -lgio-2.0 -lgobject-2.0 -lglib-2.0'
pkg_cv_GTKDOC_DEPS_CFLAGS='-I/usr/include/glib-2.0 -I/usr/lib/x86_64-linux-gnu/glib-2.0/include'
pkg_cv_GTKDOC_DEPS_LIBS='-lgobject-2.0 -lglib-2.0'

## ----------------- ##
## Output variables. ##
## ----------------- ##


































			then $(APPSTREAM_UTIL) --nonet validate $${d}$<; fi \
		$(INSTALL_DATA) $^ "$(DESTDIR)$(appstreamxmldir)"; \
		$(foreach tool, $(valgrind_enabled_tools), check-valgrind-$(tool))
		&& touch $@
		LOG_COMPILER="$$(VALGRIND_LOG_COMPILER)" \
		LOG_FLAGS="$$(valgrind_$(1)_flags)" \
		TESTS_ENVIRONMENT="$$(VALGRIND_TESTS_ENVIRONMENT)" \
		TEST_SUITE_LOG=test-suite-$(1).log
		if test -n "$(APPSTREAM_UTIL)"; \
		test -z "$(appstreamxmldir)" || $(MKDIR_P) "$(DESTDIR)$(appstreamxmldir)"; \
	$$(valgrind_v_use)$$(MAKE) check-TESTS \
	$(AM_V_GEN) if test -f "$<"; then d=; else d="$(srcdir)/"; fi; \
	$(AM_V_at)$(MAKE) $(AM_MAKEFLAGS) -k \
	$(TESTS_ENVIRONMENT) \
	$(VALGRIND) $(VALGRIND_SUPPRESSIONS) --error-exitcode=1 $(VALGRIND_FLAGS)
	$(valgrind_lt) \
	@$(NORMAL_INSTALL)
	@$(NORMAL_UNINSTALL)
	@echo "Need to reconfigure with --enable-code-coverage"
	@echo "Need to reconfigure with --enable-code-coverage"
	@echo "Need to reconfigure with --enable-valgrind"
	@echo "Need to reconfigure with --enable-valgrind"
	@echo "Need to reconfigure with --enable-valgrind-$(1)"
	@list='\''$(appstream_XML)'\''; test -n "$(appstreamxmldir)" || list=; \
	G_DEBUG=fatal-warnings,fatal-criticals,gc-friendly
	G_SLICE=always-malloc,debug-blocks \
	cd "$(DESTDIR)$(appstreamxmldir)" && rm -f $$files
	echo " ( cd '\''$(DESTDIR)$(appstreamxmldir)'\'' && rm -f" $$files ")"; \
	env VALGRIND=$(VALGRIND) \
	fi
	files=`for p in $$list; do echo $$p; done | sed -e '\''s|^.*/||'\''`; \
	if test -n "$^"; then \
	rm -f $(appstream_XML:.appdata.xml=.appdata.valid)'
	test -n "$$files" || exit 0; \
 $(CODE_COVERAGE_IGNORE_PATTERN);
 $(CODE_COVERAGE_OUTPUT_FILE);
#
#
#
#    $(PACKAGE_NAME)-$(PACKAGE_VERSION)-coverage)
#    $(PACKAGE_NAME)-$(PACKAGE_VERSION)-coverage.info)
#    (Default: $(top_builddir))
#    (Default: --num-callers=30)
#    (Default: empty)
#    Multiple directories may be specified, separated by whitespace.
#    by lcov for code coverage. (Default:
#    collecting lcov instance. (Default: $CODE_COVERAGE_LCOV_OPTIONS_GCOVPATH)
#    files to load. (Default: empty)
#    genhtml instance. (Default: based on $CODE_COVERAGE_BRANCH_COVERAGE)
#    instance. (Default: $CODE_COVERAGE_GENHTML_OPTIONS_DEFAULT)
#    instance. (Default: $CODE_COVERAGE_LCOV_OPTIONS_DEFAULT)
#    instance. (Default: $CODE_COVERAGE_LCOV_RMOPTS_DEFAULT)
#    instances. (Default: $CODE_COVERAGE_LCOV_SHOPTS_DEFAULT)
#    instances. (Default: based on $CODE_COVERAGE_BRANCH_COVERAGE)
#    lcov instance. (Default: empty)
#    memcheck, helgrind, drd, sgcheck). (Default: various)
#    reports to be created. (Default:
#    set to 0 to disable it and leave empty to stay with the default.
#  - CODE_COVERAGE_BRANCH_COVERAGE: Set to 1 to enforce branch coverage,
#  - CODE_COVERAGE_DIRECTORY: Top-level directory for code coverage reporting.
#  - CODE_COVERAGE_GENHTML_OPTIONS: Extra options to pass to the genhtml
#  - CODE_COVERAGE_GENHTML_OPTIONS_DEFAULT: Extra options to pass to the
#  - CODE_COVERAGE_IGNORE_PATTERN: Extra glob pattern of files to ignore
#  - CODE_COVERAGE_LCOV_OPTIONS: Extra options to pass to the collecting lcov
#  - CODE_COVERAGE_LCOV_OPTIONS_DEFAULT: Extra options to pass to the
#  - CODE_COVERAGE_LCOV_OPTIONS_GCOVPATH: --gcov-tool pathtogcov
#  - CODE_COVERAGE_LCOV_RMOPTS: Extra options to pass to the filtering lcov
#  - CODE_COVERAGE_LCOV_RMOPTS_DEFAULT: Extra options to pass to the filtering
#  - CODE_COVERAGE_LCOV_SHOPTS: Extra options to shared between both lcov
#  - CODE_COVERAGE_LCOV_SHOPTS_DEFAULT: Extra options shared between both lcov
#  - CODE_COVERAGE_OUTPUT_DIRECTORY: Directory for generated code coverage
#  - CODE_COVERAGE_OUTPUT_FILE: Filename and path for the .info file generated
#  - VALGRIND_$toolname_FLAGS: Flags to pass to Valgrind $toolname (one of:
#  - VALGRIND_FLAGS: General flags to pass to all Valgrind tools.
#  - VALGRIND_SUPPRESSIONS_FILES: Space-separated list of Valgrind suppressions
# $(PACKAGE_VERSION). In order to add the current git hash to the title,
# Capture code coverage data
# Code coverage
# Hook rule executed before code-coverage-capture, overridable by the user
# Internal use
# Optional variables
# Optional variables
# Optional:
# Optional:
# Support running with and without libtool.
# The generated report will be titled using the $(PACKAGE_NAME) and
# Use recursive makes in order to ignore errors during check
# Use recursive makes in order to ignore errors during check
# Valgrind check
# Valgrind running
# sanitizes the test-name: replaces with underscores: dashes and dots
# use the git-version-gen script, available online.
$(foreach tool,$(valgrind_tools),$(eval $(call valgrind_tool_rule,$(tool))))
$(if $(CODE_COVERAGE_BRANCH_COVERAGE),\
%.appdata.valid: %.appdata.xml
'
'
--rc genhtml_branch_coverage=$(CODE_COVERAGE_BRANCH_COVERAGE))
--rc lcov_branch_coverage=$(CODE_COVERAGE_BRANCH_COVERAGE))
.PHONY : uninstall-appstream-xml install-appstream-xml clean-appstream-xml
.PHONY: check-code-coverage code-coverage-capture code-coverage-capture-hook code-coverage-clean
.PHONY: check-valgrind $(add-prefix check-valgrind-,$(valgrind_tools))
.SECONDARY: $(appstream_XML)
ACLOCAL='${SHELL} /home/dmohedas/Proyecto/ProyectoViewer/missing aclocal-1.16'
ALL_LINGUAS=''
AMDEPBACKSLASH='\'
AMDEP_FALSE='#'
AMDEP_TRUE=''
AMTAR='$${TAR-tar}'
AM_BACKSLASH='\'
AM_DEFAULT_V='$(AM_DEFAULT_VERBOSITY)'
AM_DEFAULT_VERBOSITY='0'
AM_DISTCHECK_CONFIGURE_FLAGS += --disable-code-coverage
AM_DISTCHECK_CONFIGURE_FLAGS += --disable-valgrind
AM_DISTCHECK_CONFIGURE_FLAGS ?=
AM_DISTCHECK_CONFIGURE_FLAGS ?=
AM_V='$(V)'
APPSTREAM_UTIL=''
APPSTREAM_XML_RULES='
AR='ar'
ARAVIS_API_VERSION='0.6'
ARAVIS_API_VERSION_U='0_6'
ARAVIS_BUILD_CPP_TEST_FALSE=''
ARAVIS_BUILD_CPP_TEST_TRUE='#'
ARAVIS_BUILD_GST_0_10_PLUGIN_FALSE='#'
ARAVIS_BUILD_GST_0_10_PLUGIN_TRUE=''
ARAVIS_BUILD_GST_PLUGIN_FALSE='#'
ARAVIS_BUILD_GST_PLUGIN_TRUE=''
ARAVIS_BUILD_PACKET_SOCKET_FALSE=''
ARAVIS_BUILD_PACKET_SOCKET_TRUE='#'
ARAVIS_BUILD_USB_FALSE=''
ARAVIS_BUILD_USB_TRUE='#'
ARAVIS_BUILD_VIEWER_FALSE='#'
ARAVIS_BUILD_VIEWER_TRUE=''
ARAVIS_CFLAGS='-pthread -I/usr/include/libxml2 -I/usr/include/glib-2.0 -I/usr/lib/x86_64-linux-gnu/glib-2.0/include'
ARAVIS_FAST_HEARTBEAT_FALSE=''
ARAVIS_FAST_HEARTBEAT_TRUE='#'
ARAVIS_GST_0_10_PLUGIN_CFLAGS='-pthread -I/usr/include/gstreamer-0.10 -I/usr/include/glib-2.0 -I/usr/lib/x86_64-linux-gnu/glib-2.0/include -I/usr/include/libxml2'
ARAVIS_GST_0_10_PLUGIN_LIBS='-lm -lgstapp-0.10 -lgstbase-0.10 -lgstreamer-0.10 -lgobject-2.0 -lgmodule-2.0 -pthread -lgthread-2.0 -pthread -lglib-2.0 -lxml2'
ARAVIS_GST_PLUGIN_CFLAGS='-pthread -I/usr/include/gstreamer-1.0 -I/usr/lib/x86_64-linux-gnu/gstreamer-1.0/include -I/usr/include/glib-2.0 -I/usr/lib/x86_64-linux-gnu/glib-2.0/include'
ARAVIS_GST_PLUGIN_LIBS='-lm -lgstapp-1.0 -lgstbase-1.0 -lgstreamer-1.0 -lgobject-2.0 -lglib-2.0'
ARAVIS_HAS_PACKET_SOCKET='0'
ARAVIS_HAS_USB='0'
ARAVIS_LIBS='-lm -lgio-2.0 -lgobject-2.0 -lxml2 -lgthread-2.0 -pthread -lglib-2.0 -lz'
ARAVIS_MAJOR_VERSION='0'
ARAVIS_MICRO_VERSION='4'
ARAVIS_MINOR_VERSION='6'
ARAVIS_PACKET_SOCKET_CFLAGS=''
ARAVIS_PACKET_SOCKET_LIBS=''
ARAVIS_USB_CFLAGS=''
ARAVIS_USB_LIBS=''
ARAVIS_VERSION='0.6.4'
ARAVIS_VIEWER_CFLAGS='-pthread -I/usr/include/gstreamer-1.0 -I/usr/lib/x86_64-linux-gnu/gstreamer-1.0/include -I/usr/include/gtk-3.0 -I/usr/include/at-spi2-atk/2.0 -I/usr/include/at-spi-2.0 -I/usr/include/dbus-1.0 -I/usr/lib/x86_64-linux-gnu/dbus-1.0/include -I/usr/include/gtk-3.0 -I/usr/include/gio-unix-2.0/ -I/usr/include/mirclient -I/usr/include/mircore -I/usr/include/mircookie -I/usr/include/cairo -I/usr/include/pango-1.0 -I/usr/include/harfbuzz -I/usr/include/pango-1.0 -I/usr/include/atk-1.0 -I/usr/include/cairo -I/usr/include/pixman-1 -I/usr/include/freetype2 -I/usr/include/libpng12 -I/usr/include/gdk-pixbuf-2.0 -I/usr/include/libpng12 -I/usr/include/glib-2.0 -I/usr/lib/x86_64-linux-gnu/glib-2.0/include'
ARAVIS_VIEWER_LIBS='-lm -lgstapp-1.0 -lgstvideo-1.0 -lgstbase-1.0 -lgstreamer-1.0 -lgtk-3 -lgdk-3 -lpangocairo-1.0 -lpango-1.0 -latk-1.0 -lcairo-gobject -lcairo -lnotify -lgdk_pixbuf-2.0 -lgio-2.0 -lgobject-2.0 -lglib-2.0'
ARAVIS_WITH_ASAN_FALSE=''
ARAVIS_WITH_ASAN_TRUE='#'
AUTOCONF='${SHELL} /home/dmohedas/Proyecto/ProyectoViewer/missing autoconf'
AUTOHEADER='${SHELL} /home/dmohedas/Proyecto/ProyectoViewer/missing autoheader'
AUTOMAKE='${SHELL} /home/dmohedas/Proyecto/ProyectoViewer/missing automake-1.16'
AWK='mawk'
BUILD_GTK_DOC_FALSE='#'
BUILD_GTK_DOC_TRUE=''
CATALOGS=''
CATOBJEXT='.gmo'
CC='gcc'
CCDEPMODE='depmode=gcc3'
CFLAGS='-g -O2'
CODE_COVERAGE_BRANCH_COVERAGE ?=
CODE_COVERAGE_CFLAGS=''
CODE_COVERAGE_CPPFLAGS=''
CODE_COVERAGE_CXXFLAGS=''
CODE_COVERAGE_DIRECTORY ?= $(top_builddir)
CODE_COVERAGE_ENABLED='no'
CODE_COVERAGE_ENABLED_FALSE=''
CODE_COVERAGE_ENABLED_TRUE='#'
CODE_COVERAGE_GENHTML_OPTIONS ?= $(CODE_COVERAGE_GENHTML_OPTIONS_DEFAULTS)
CODE_COVERAGE_GENHTML_OPTIONS_DEFAULT ?=\
CODE_COVERAGE_IGNORE_PATTERN ?=
CODE_COVERAGE_LCOV_OPTIONS ?= $(CODE_COVERAGE_LCOV_OPTIONS_DEFAULT)
CODE_COVERAGE_LCOV_OPTIONS_DEFAULT ?= $(CODE_COVERAGE_LCOV_OPTIONS_GCOVPATH)
CODE_COVERAGE_LCOV_OPTIONS_GCOVPATH ?= --gcov-tool "$(GCOV)"
CODE_COVERAGE_LCOV_RMOPTS ?= $(CODE_COVERAGE_LCOV_RMOPTS_DEFAULT)
CODE_COVERAGE_LCOV_RMOPTS_DEFAULT ?=
CODE_COVERAGE_LCOV_SHOPTS ?= $(CODE_COVERAGE_LCOV_SHOPTS_DEFAULT)
CODE_COVERAGE_LCOV_SHOPTS_DEFAULT ?= $(if $(CODE_COVERAGE_BRANCH_COVERAGE),\
CODE_COVERAGE_LDFLAGS=''
CODE_COVERAGE_LIBS=''
CODE_COVERAGE_OUTPUT_DIRECTORY ?= $(PACKAGE_NAME)-$(PACKAGE_VERSION)-coverage
CODE_COVERAGE_OUTPUT_FILE ?= $(PACKAGE_NAME)-$(PACKAGE_VERSION)-coverage.info
CODE_COVERAGE_RULES='
CPP='gcc -E'
CPPFLAGS=''
CXX='g++'
CXXCPP='g++ -E'
CXXDEPMODE='depmode=gcc3'
CXXFLAGS='-g -O2'
CYGPATH_W='echo'
DATADIRNAME='share'
DEFS='-DHAVE_CONFIG_H'
DEPDIR='.deps'
DLLTOOL='false'
DSYMUTIL=''
DUMPBIN=''
ECHO_C=''
ECHO_N='-n'
ECHO_T=''
EGREP='/bin/grep -E'
ENABLE_GTK_DOC_FALSE=''
ENABLE_GTK_DOC_TRUE='#'
ENABLE_VALGRIND_drd='no'
ENABLE_VALGRIND_helgrind='no'
ENABLE_VALGRIND_memcheck='no'
ENABLE_VALGRIND_sgcheck='no'
EXEEXT=''
FGREP='/bin/grep -F'
GCOV=''
GENHTML=''
GETTEXT_PACKAGE='aravis-0.6'
GITIGNOREFILES += $(CODE_COVERAGE_OUTPUT_FILE) $(CODE_COVERAGE_OUTPUT_DIRECTORY)
GITIGNOREFILES ?=
GLIB_MKENUMS='/usr/bin/glib-mkenums'
GMOFILES=''
GMSGFMT='/usr/bin/msgfmt'
GREP='/bin/grep'
GST_0_10_PLUGIN_LDFLAGS='-module -avoid-version -export-symbols-regex _*\(gst_\|Gst\|GST_\).*'
GST_PLUGIN_LDFLAGS='-module -avoid-version -export-symbols-regex _*\(gst_\|Gst\|GST_\).*'
GTKDOC_CHECK=''
GTKDOC_CHECK_PATH=''
GTKDOC_DEPS_CFLAGS='-I/usr/include/glib-2.0 -I/usr/lib/x86_64-linux-gnu/glib-2.0/include'
GTKDOC_DEPS_LIBS='-lgobject-2.0 -lglib-2.0'
GTKDOC_MKPDF=''
GTKDOC_REBASE='true'
GTK_DOC_BUILD_HTML_FALSE='#'
GTK_DOC_BUILD_HTML_TRUE=''
GTK_DOC_BUILD_PDF_FALSE=''
GTK_DOC_BUILD_PDF_TRUE='#'
GTK_DOC_USE_LIBTOOL_FALSE='#'
GTK_DOC_USE_LIBTOOL_TRUE=''
GTK_DOC_USE_REBASE_FALSE='#'
GTK_DOC_USE_REBASE_TRUE=''
HAVE_GTK_DOC_FALSE=''
HAVE_GTK_DOC_TRUE='#'
HAVE_INTROSPECTION_FALSE=''
HAVE_INTROSPECTION_TRUE='#'
HTML_DIR='${datadir}/gtk-doc/html'
INSTALL_DATA='${INSTALL} -m 644'
INSTALL_PROGRAM='${INSTALL}'
INSTALL_SCRIPT='${INSTALL}'
INSTALL_STRIP_PROGRAM='$(install_sh) -c -s'
INSTOBJEXT='.mo'
INTLLIBS=''
INTLTOOL_CAVES_RULE='%.caves:     %.caves.in     $(INTLTOOL_MERGE) $(wildcard $(top_srcdir)/po/*.po) ; $(INTLTOOL_V_MERGE)LC_ALL=C $(INTLTOOL_MERGE) $(INTLTOOL_V_MERGE_OPTIONS) -d -u -c $(top_builddir)/po/.intltool-merge-cache $(top_srcdir)/po $< $@'
INTLTOOL_DESKTOP_RULE='%.desktop:   %.desktop.in   $(INTLTOOL_MERGE) $(wildcard $(top_srcdir)/po/*.po) ; $(INTLTOOL_V_MERGE)LC_ALL=C $(INTLTOOL_MERGE) $(INTLTOOL_V_MERGE_OPTIONS) -d -u -c $(top_builddir)/po/.intltool-merge-cache $(top_srcdir)/po $< $@'
INTLTOOL_DIRECTORY_RULE='%.directory: %.directory.in $(INTLTOOL_MERGE) $(wildcard $(top_srcdir)/po/*.po) ; $(INTLTOOL_V_MERGE)LC_ALL=C $(INTLTOOL_MERGE) $(INTLTOOL_V_MERGE_OPTIONS) -d -u -c $(top_builddir)/po/.intltool-merge-cache $(top_srcdir)/po $< $@'
INTLTOOL_EXTRACT='/usr/bin/intltool-extract'
INTLTOOL_KBD_RULE='%.kbd:       %.kbd.in       $(INTLTOOL_MERGE) $(wildcard $(top_srcdir)/po/*.po) ; $(INTLTOOL_V_MERGE)LC_ALL=C $(INTLTOOL_MERGE) $(INTLTOOL_V_MERGE_OPTIONS) -x -u -m -c $(top_builddir)/po/.intltool-merge-cache $(top_srcdir)/po $< $@'
INTLTOOL_KEYS_RULE='%.keys:      %.keys.in      $(INTLTOOL_MERGE) $(wildcard $(top_srcdir)/po/*.po) ; $(INTLTOOL_V_MERGE)LC_ALL=C $(INTLTOOL_MERGE) $(INTLTOOL_V_MERGE_OPTIONS) -k -u -c $(top_builddir)/po/.intltool-merge-cache $(top_srcdir)/po $< $@'
INTLTOOL_MERGE='/usr/bin/intltool-merge'
INTLTOOL_OAF_RULE='%.oaf:       %.oaf.in       $(INTLTOOL_MERGE) $(wildcard $(top_srcdir)/po/*.po) ; $(INTLTOOL_V_MERGE)LC_ALL=C $(INTLTOOL_MERGE) $(INTLTOOL_V_MERGE_OPTIONS) -o -p $(top_srcdir)/po $< $@'
INTLTOOL_PERL='/usr/bin/perl'
INTLTOOL_POLICY_RULE='%.policy:    %.policy.in    $(INTLTOOL_MERGE) $(wildcard $(top_srcdir)/po/*.po) ; $(INTLTOOL_V_MERGE)LC_ALL=C $(INTLTOOL_MERGE) $(INTLTOOL_V_MERGE_OPTIONS) -x -u -c $(top_builddir)/po/.intltool-merge-cache $(top_srcdir)/po $< $@'
INTLTOOL_PONG_RULE='%.pong:      %.pong.in      $(INTLTOOL_MERGE) $(wildcard $(top_srcdir)/po/*.po) ; $(INTLTOOL_V_MERGE)LC_ALL=C $(INTLTOOL_MERGE) $(INTLTOOL_V_MERGE_OPTIONS) -x -u -c $(top_builddir)/po/.intltool-merge-cache $(top_srcdir)/po $< $@'
INTLTOOL_PROP_RULE='%.prop:      %.prop.in      $(INTLTOOL_MERGE) $(wildcard $(top_srcdir)/po/*.po) ; $(INTLTOOL_V_MERGE)LC_ALL=C $(INTLTOOL_MERGE) $(INTLTOOL_V_MERGE_OPTIONS) -d -u -c $(top_builddir)/po/.intltool-merge-cache $(top_srcdir)/po $< $@'
INTLTOOL_SCHEMAS_RULE='%.schemas:   %.schemas.in   $(INTLTOOL_MERGE) $(wildcard $(top_srcdir)/po/*.po) ; $(INTLTOOL_V_MERGE)LC_ALL=C $(INTLTOOL_MERGE) $(INTLTOOL_V_MERGE_OPTIONS) -s -u -c $(top_builddir)/po/.intltool-merge-cache $(top_srcdir)/po $< $@'
INTLTOOL_SERVER_RULE='%.server:    %.server.in    $(INTLTOOL_MERGE) $(wildcard $(top_srcdir)/po/*.po) ; $(INTLTOOL_V_MERGE)LC_ALL=C $(INTLTOOL_MERGE) $(INTLTOOL_V_MERGE_OPTIONS) -o -u -c $(top_builddir)/po/.intltool-merge-cache $(top_srcdir)/po $< $@'
INTLTOOL_SERVICE_RULE='%.service: %.service.in   $(INTLTOOL_MERGE) $(wildcard $(top_srcdir)/po/*.po) ; $(INTLTOOL_V_MERGE)LC_ALL=C $(INTLTOOL_MERGE) $(INTLTOOL_V_MERGE_OPTIONS) -d -u -c $(top_builddir)/po/.intltool-merge-cache $(top_srcdir)/po $< $@'
INTLTOOL_SHEET_RULE='%.sheet:     %.sheet.in     $(INTLTOOL_MERGE) $(wildcard $(top_srcdir)/po/*.po) ; $(INTLTOOL_V_MERGE)LC_ALL=C $(INTLTOOL_MERGE) $(INTLTOOL_V_MERGE_OPTIONS) -x -u -c $(top_builddir)/po/.intltool-merge-cache $(top_srcdir)/po $< $@'
INTLTOOL_SOUNDLIST_RULE='%.soundlist: %.soundlist.in $(INTLTOOL_MERGE) $(wildcard $(top_srcdir)/po/*.po) ; $(INTLTOOL_V_MERGE)LC_ALL=C $(INTLTOOL_MERGE) $(INTLTOOL_V_MERGE_OPTIONS) -d -u -c $(top_builddir)/po/.intltool-merge-cache $(top_srcdir)/po $< $@'
INTLTOOL_THEME_RULE='%.theme:     %.theme.in     $(INTLTOOL_MERGE) $(wildcard $(top_srcdir)/po/*.po) ; $(INTLTOOL_V_MERGE)LC_ALL=C $(INTLTOOL_MERGE) $(INTLTOOL_V_MERGE_OPTIONS) -d -u -c $(top_builddir)/po/.intltool-merge-cache $(top_srcdir)/po $< $@'
INTLTOOL_UI_RULE='%.ui:        %.ui.in        $(INTLTOOL_MERGE) $(wildcard $(top_srcdir)/po/*.po) ; $(INTLTOOL_V_MERGE)LC_ALL=C $(INTLTOOL_MERGE) $(INTLTOOL_V_MERGE_OPTIONS) -x -u -c $(top_builddir)/po/.intltool-merge-cache $(top_srcdir)/po $< $@'
INTLTOOL_UPDATE='/usr/bin/intltool-update'
INTLTOOL_V_MERGE='$(INTLTOOL__v_MERGE_$(V))'
INTLTOOL_V_MERGE_OPTIONS='$(intltool__v_merge_options_$(V))'
INTLTOOL_XAM_RULE='%.xam:       %.xml.in       $(INTLTOOL_MERGE) $(wildcard $(top_srcdir)/po/*.po) ; $(INTLTOOL_V_MERGE)LC_ALL=C $(INTLTOOL_MERGE) $(INTLTOOL_V_MERGE_OPTIONS) -x -u -c $(top_builddir)/po/.intltool-merge-cache $(top_srcdir)/po $< $@'
INTLTOOL_XML_NOMERGE_RULE='%.xml:       %.xml.in       $(INTLTOOL_MERGE) ; $(INTLTOOL_V_MERGE)LC_ALL=C $(INTLTOOL_MERGE) $(INTLTOOL_V_MERGE_OPTIONS) -x -u --no-translations $< $@'
INTLTOOL_XML_RULE='%.xml:       %.xml.in       $(INTLTOOL_MERGE) $(wildcard $(top_srcdir)/po/*.po) ; $(INTLTOOL_V_MERGE)LC_ALL=C $(INTLTOOL_MERGE) $(INTLTOOL_V_MERGE_OPTIONS) -x -u -c $(top_builddir)/po/.intltool-merge-cache $(top_srcdir)/po $< $@'
INTLTOOL__v_MERGE_0='@echo "  ITMRG " $@;'
INTLTOOL__v_MERGE_='$(INTLTOOL__v_MERGE_$(AM_DEFAULT_VERBOSITY))'
INTL_MACOSX_LIBS=''
INTROSPECTION_CFLAGS=''
INTROSPECTION_COMPILER=''
INTROSPECTION_GENERATE=''
INTROSPECTION_GIRDIR=''
INTROSPECTION_LIBS=''
INTROSPECTION_MAKEFILE=''
INTROSPECTION_SCANNER=''
INTROSPECTION_TYPELIBDIR=''
LCOV=''
LD='/usr/bin/ld -m elf_x86_64'
LDFLAGS=''
LIBOBJS=''
LIBS=''
LIBTOOL='$(SHELL) $(top_builddir)/libtool'
LIPO=''
LN_S='ln -s'
LTLIBOBJS=''
LT_SYS_LIBRARY_PATH=''
MAINT='#'
MAINTAINER_MODE_FALSE=''
MAINTAINER_MODE_TRUE='#'
MAKEINFO='${SHELL} /home/dmohedas/Proyecto/ProyectoViewer/missing makeinfo'
MANIFEST_TOOL=':'
MKDIR_P='/bin/mkdir -p'
MKINSTALLDIRS='./mkinstalldirs'
MOSTLYCLEANFILES += $(valgrind_log_files)
MOSTLYCLEANFILES ?=
MSGFMT='/usr/bin/msgfmt'
MSGFMT_OPTS='-c'
MSGMERGE='/usr/bin/msgmerge'
NM='/usr/bin/nm -B'
NMEDIT=''
OBJDUMP='objdump'
OBJEXT='o'
OTOOL64=''
OTOOL=''
PACKAGE='aravis'
PACKAGE_BUGREPORT='http://bugzilla.gnome.org/enter_bug.cgi?product=aravis'
PACKAGE_NAME='aravis'
PACKAGE_STRING='aravis 0.6.4'
PACKAGE_TARNAME='aravis'
PACKAGE_URL=''
PACKAGE_VERSION='0.6.4'
PATH_SEPARATOR=':'
PKG_CONFIG='/usr/bin/pkg-config'
PKG_CONFIG_LIBDIR=''
PKG_CONFIG_PATH=''
POFILES=''
POSUB='po'
PO_IN_DATADIR_FALSE=''
PO_IN_DATADIR_TRUE=''
RANLIB='ranlib'
SED='/bin/sed'
SET_MAKE=''
SHELL='/bin/bash'
STRIP='strip'
USE_NLS='yes'
VALGRIND=''
VALGRIND_CHECK_RULES='
VALGRIND_ENABLED='no'
VALGRIND_ENABLED_FALSE=''
VALGRIND_ENABLED_TRUE='#'
VALGRIND_FLAGS ?= --num-callers=30
VALGRIND_LOG_COMPILER = \
VALGRIND_SUPPRESSIONS ?= $(addprefix --suppressions=,$(VALGRIND_SUPPRESSIONS_FILES))
VALGRIND_TESTS_ENVIRONMENT = \
VALGRIND_drd_FLAGS ?=
VALGRIND_helgrind_FLAGS ?= --history-level=approx
VALGRIND_memcheck_FLAGS ?= --leak-check=full --show-reachable=no
VALGRIND_sgcheck_FLAGS ?=
VERSION='0.6.4'
XGETTEXT='/usr/bin/xgettext'
ac_ct_AR='ar'
ac_ct_CC='gcc'
ac_ct_CXX='g++'
ac_ct_DUMPBIN=''
am__EXEEXT_FALSE=''
am__EXEEXT_TRUE='#'
am__fastdepCC_FALSE='#'
am__fastdepCC_TRUE=''
am__fastdepCXX_FALSE='#'
am__fastdepCXX_TRUE=''
am__include='include'
am__isrc=''
am__leading_dot='.'
am__nodep='_no'
am__quote=''
am__tar='$${TAR-tar} chof - "$$tardir"'
am__untar='$${TAR-tar} xf -'
appstreamxmldir='${datarootdir}/appdata'
aravis_datadir='$(datadir)/aravis-$(ARAVIS_API_VERSION)'
bindir='${exec_prefix}/bin'
build='x86_64-pc-linux-gnu'
build_alias=''
build_cpu='x86_64'
build_os='linux-gnu'
build_vendor='pc'
check-am: $(appstream_XML:.appdata.xml=.appdata.valid)
check-code-coverage:
check-valgrind-$(1):
check-valgrind:
clean-appstream-xml:
code-coverage-capture-hook:
code-coverage-capture: code-coverage-capture-hook
code_coverage_quiet = $(code_coverage_quiet_$(V))
code_coverage_quiet_ = $(code_coverage_quiet_$(AM_DEFAULT_VERBOSITY))
code_coverage_quiet_0 = --quiet
code_coverage_sanitize = $(subst -,_,$(subst .,_,$(1)))
code_coverage_v_genhtml = $(code_coverage_v_genhtml_$(V))
code_coverage_v_genhtml_ = $(code_coverage_v_genhtml_$(AM_DEFAULT_VERBOSITY))
code_coverage_v_genhtml_0 = @echo "  GEN   " $(CODE_COVERAGE_OUTPUT_DIRECTORY);
code_coverage_v_lcov_cap = $(code_coverage_v_lcov_cap_$(V))
code_coverage_v_lcov_cap_ = $(code_coverage_v_lcov_cap_$(AM_DEFAULT_VERBOSITY))
code_coverage_v_lcov_cap_0 = @echo "  LCOV   --capture"\
code_coverage_v_lcov_ign = $(code_coverage_v_lcov_ign_$(V))
code_coverage_v_lcov_ign_ = $(code_coverage_v_lcov_ign_$(AM_DEFAULT_VERBOSITY))
code_coverage_v_lcov_ign_0 = @echo "  LCOV   --remove /tmp/*"\
datadir='${datarootdir}'
datarootdir='${prefix}/share'
define valgrind_tool_rule =
docdir='${datarootdir}/doc/${PACKAGE_TARNAME}'
dvidir='${docdir}'
else
else
else
else ifeq ($$(VALGRIND_ENABLED),yes)
endef
endif
endif
endif
exec_prefix='${prefix}'
gst010plugindir='$(libdir)/gstreamer-0.10'
gstplugindir='$(libdir)/gstreamer-1.0'
host='x86_64-pc-linux-gnu'
host_alias=''
host_cpu='x86_64'
host_os='linux-gnu'
host_vendor='pc'
htmldir='${docdir}'
ifeq ($$(VALGRIND_ENABLED)-$$(ENABLE_VALGRIND_$(1)),yes-yes)
ifeq ($(VALGRIND_ENABLED),yes)
ifneq ($(LIBTOOL),)
includedir='${prefix}/include'
infodir='${datarootdir}/info'
install-appstream-xml: $(appstream_XML)
install-data-am: install-appstream-xml
install_sh='${SHELL} /home/dmohedas/Proyecto/ProyectoViewer/install-sh'
intltool__v_merge_options_0='-q'
intltool__v_merge_options_='$(intltool__v_merge_options_$(AM_DEFAULT_VERBOSITY))'
libdir='${exec_prefix}/lib'
libexecdir='${exec_prefix}/libexec'
localedir='${datarootdir}/locale'
localstatedir='${prefix}/var'
mandir='${datarootdir}/man'
mkdir_p='$(MKDIR_P)'
mostlyclean-am: clean-appstream-xml
oldincludedir='/usr/include'
pdfdir='${docdir}'
prefix='/usr/local'
program_transform_name='s,x,x,'
psdir='${docdir}'
sbindir='${exec_prefix}/sbin'
sharedstatedir='${prefix}/com'
sysconfdir='${prefix}/etc'
target_alias=''
uninstall-am: uninstall-appstream-xml
uninstall-appstream-xml:
valgrind_drd_flags = --tool=drd $(VALGRIND_drd_FLAGS)
valgrind_enabled_tools=''
valgrind_helgrind_flags = --tool=helgrind $(VALGRIND_helgrind_FLAGS)
valgrind_log_files = $(addprefix test-suite-,$(addsuffix .log,$(valgrind_tools)))
valgrind_lt =
valgrind_lt = $(LIBTOOL) $(AM_LIBTOOLFLAGS) $(LIBTOOLFLAGS) --mode=execute
valgrind_memcheck_flags = --tool=memcheck $(VALGRIND_memcheck_FLAGS)
valgrind_quiet = $(valgrind_quiet_$(V))
valgrind_quiet_ = $(valgrind_quiet_$(AM_DEFAULT_VERBOSITY))
valgrind_quiet_0 = --quiet
valgrind_sgcheck_flags = --tool=exp-sgcheck $(VALGRIND_sgcheck_FLAGS)
valgrind_tools='memcheck helgrind drd sgcheck'
valgrind_v_use   = $(valgrind_v_use_$(V))
valgrind_v_use_  = $(valgrind_v_use_$(AM_DEFAULT_VERBOSITY))
valgrind_v_use_0 = @echo "  USE   " $(patsubst check-valgrind-%,%,$@):;

## ----------- ##
## confdefs.h. ##
## ----------- ##

/* confdefs.h */
#define PACKAGE_NAME "aravis"
#define PACKAGE_TARNAME "aravis"
#define PACKAGE_VERSION "0.6.4"
#define PACKAGE_STRING "aravis 0.6.4"
#define PACKAGE_BUGREPORT "http://bugzilla.gnome.org/enter_bug.cgi?product=aravis"
#define PACKAGE_URL ""
#define PACKAGE "aravis"
#define VERSION "0.6.4"
#define STDC_HEADERS 1
#define GETTEXT_PACKAGE "aravis-0.6"
#define HAVE_SYS_TYPES_H 1
#define HAVE_SYS_STAT_H 1
#define HAVE_STDLIB_H 1
#define HAVE_STRING_H 1
#define HAVE_MEMORY_H 1
#define HAVE_STRINGS_H 1
#define HAVE_INTTYPES_H 1
#define HAVE_STDINT_H 1
#define HAVE_UNISTD_H 1
#define HAVE_LOCALE_H 1
#define HAVE_LC_MESSAGES 1
#define HAVE_BIND_TEXTDOMAIN_CODESET 1
#define HAVE_GETTEXT 1
#define HAVE_DCGETTEXT 1
#define ENABLE_NLS 1
#define HAVE_DLFCN_H 1
#define LT_OBJDIR ".libs/"
#define ARAVIS_BUILD_VIEWER 1
#define ARAVIS_BUILD_GST_PLUGIN 1
#define ARAVIS_BUILD_GST_0_10_PLUGIN 1

configure: exit 0

## ---------------------- ##
## Running config.status. ##
## ---------------------- ##

This file was extended by aravis config.status 0.6.4, which was
generated by GNU Autoconf 2.69.  Invocation command line was

  CONFIG_FILES    = 
  CONFIG_HEADERS  = 
  CONFIG_LINKS    = 
  CONFIG_COMMANDS = 
  $ ./config.status src/arvfeatures.h

on dmohedas-Z97-HD3

config.status:1571: creating src/arvfeatures.h

## ---------------------- ##
## Running config.status. ##
## ---------------------- ##

This file was extended by aravis config.status 0.6.4, which was
generated by GNU Autoconf 2.69.  Invocation command line was

  CONFIG_FILES    = 
  CONFIG_HEADERS  = 
  CONFIG_LINKS    = 
  CONFIG_COMMANDS = 
  $ ./config.status src/arvversion.h

on dmohedas-Z97-HD3

config.status:1571: creating src/arvversion.h

## ---------------------- ##
## Running config.status. ##
## ---------------------- ##

This file was extended by aravis config.status 0.6.4, which was
generated by GNU Autoconf 2.69.  Invocation command line was

  CONFIG_FILES    = 
  CONFIG_HEADERS  = 
  CONFIG_LINKS    = 
  CONFIG_COMMANDS = 
  $ ./config.status src/arvconfig.h

on dmohedas-Z97-HD3

config.status:1571: creating src/arvconfig.h
config.status:1752: src/arvconfig.h is unchanged
